<?xml version="1.0" encoding="UTF-8"?>
<testng-results skipped="0" failed="0" ignored="0" total="2" passed="2">
  <reporter-output>
  </reporter-output>
  <suite name="Default suite" duration-ms="33628" started-at="2017-08-01T21:59:49Z" finished-at="2017-08-01T22:00:23Z">
    <groups>
    </groups>
    <test name="Default test" duration-ms="33628" started-at="2017-08-01T21:59:49Z" finished-at="2017-08-01T22:00:23Z">
      <class name="DATA1.UsingExele">
        <test-method status="PASS" signature="beforeClass()[pri:0, instance:DATA1.UsingExele@7c16905e]" name="beforeClass" is-config="true" duration-ms="18434" started-at="2017-08-01T17:59:49Z" finished-at="2017-08-01T18:00:07Z">
          <reporter-output>
          </reporter-output>
        </test-method> <!-- beforeClass -->
        <test-method status="PASS" signature="testUsingExcel(java.lang.String, java.lang.String)[pri:0, instance:DATA1.UsingExele@7c16905e]" name="testUsingExcel" duration-ms="5883" started-at="2017-08-01T18:00:07Z" data-provider="loginData" finished-at="2017-08-01T18:00:13Z">
          <params>
            <param index="0">
              <value>
                <![CDATA[test@email.com]]>
              </value>
            </param>
            <param index="1">
              <value>
                <![CDATA[test]]>
              </value>
            </param>
          </params>
          <reporter-output>
          </reporter-output>
        </test-method> <!-- testUsingExcel -->
        <test-method status="PASS" signature="tearDown(org.testng.ITestResult)[pri:0, instance:DATA1.UsingExele@7c16905e]" name="tearDown" is-config="true" duration-ms="0" started-at="2017-08-01T18:00:13Z" finished-at="2017-08-01T18:00:13Z">
          <params>
            <param index="0">
              <value>
                <![CDATA[[TestResult name=testUsingExcel status=SUCCESS method=UsingExele.testUsingExcel(java.lang.String, java.lang.String)[pri:0, instance:DATA1.UsingExele@7c16905e] output={null}]]]>
              </value>
            </param>
          </params>
          <reporter-output>
          </reporter-output>
        </test-method> <!-- tearDown -->
        <test-method status="PASS" signature="testUsingExcel(java.lang.String, java.lang.String)[pri:0, instance:DATA1.UsingExele@7c16905e]" name="testUsingExcel" duration-ms="6771" started-at="2017-08-01T18:00:13Z" data-provider="loginData" finished-at="2017-08-01T18:00:20Z">
          <params>
            <param index="0">
              <value>
                <![CDATA[email@email.com]]>
              </value>
            </param>
            <param index="1">
              <value>
                <![CDATA[test]]>
              </value>
            </param>
          </params>
          <reporter-output>
          </reporter-output>
        </test-method> <!-- testUsingExcel -->
        <test-method status="PASS" signature="afterClass()[pri:0, instance:DATA1.UsingExele@7c16905e]" name="afterClass" is-config="true" duration-ms="2503" started-at="2017-08-01T18:00:20Z" finished-at="2017-08-01T18:00:23Z">
          <reporter-output>
          </reporter-output>
        </test-method> <!-- afterClass -->
        <test-method status="PASS" signature="tearDown(org.testng.ITestResult)[pri:0, instance:DATA1.UsingExele@7c16905e]" name="tearDown" is-config="true" duration-ms="0" started-at="2017-08-01T18:00:20Z" finished-at="2017-08-01T18:00:20Z">
          <params>
            <param index="0">
              <value>
                <![CDATA[[TestResult name=testUsingExcel status=SUCCESS method=UsingExele.testUsingExcel(java.lang.String, java.lang.String)[pri:0, instance:DATA1.UsingExele@7c16905e] output={null}]]]>
              </value>
            </param>
          </params>
          <reporter-output>
          </reporter-output>
        </test-method> <!-- tearDown -->
      </class> <!-- DATA1.UsingExele -->
    </test> <!-- Default test -->
  </suite> <!-- Default suite -->
</testng-results>
